c:\creation\gamedevelopment\github\windows-edif-cf25\extensions\opencapture\debugunicode\vc142.pdb
c:\creation\gamedevelopment\github\windows-edif-cf25\extensions\opencapture\debugunicode\vc142.idb
c:\creation\gamedevelopment\github\windows-edif-cf25\extensions\opencapture\debugunicode\tinythread.obj
c:\creation\gamedevelopment\github\windows-edif-cf25\extensions\opencapture\debugunicode\edif.runtime.obj
c:\creation\gamedevelopment\github\windows-edif-cf25\extensions\opencapture\debugunicode\edif.general.obj
c:\creation\gamedevelopment\github\windows-edif-cf25\extensions\opencapture\debugunicode\edif.edittime.obj
c:\creation\gamedevelopment\github\windows-edif-cf25\extensions\opencapture\debugunicode\edif.obj
c:\creation\gamedevelopment\github\windows-edif-cf25\extensions\opencapture\debugunicode\objectselection.obj
c:\creation\gamedevelopment\github\windows-edif-cf25\extensions\opencapture\debugunicode\runtime.obj
c:\creation\gamedevelopment\github\windows-edif-cf25\extensions\opencapture\debugunicode\geometrytypes.obj
c:\creation\gamedevelopment\github\windows-edif-cf25\extensions\opencapture\debugunicode\general.obj
c:\creation\gamedevelopment\github\windows-edif-cf25\extensions\opencapture\debugunicode\extension.obj
c:\creation\gamedevelopment\github\windows-edif-cf25\extensions\opencapture\debugunicode\expressions.obj
c:\creation\gamedevelopment\github\windows-edif-cf25\extensions\opencapture\debugunicode\edittime.obj
c:\creation\gamedevelopment\github\windows-edif-cf25\extensions\opencapture\debugunicode\conditions.obj
c:\creation\gamedevelopment\github\windows-edif-cf25\extensions\opencapture\debugunicode\camerathreads.obj
c:\creation\gamedevelopment\github\windows-edif-cf25\extensions\opencapture\debugunicode\cameracalibration.obj
c:\creation\gamedevelopment\github\windows-edif-cf25\extensions\opencapture\debugunicode\actions.obj
c:\creation\gamedevelopment\github\windows-edif-cf25\extensions\opencapture\debugunicode\json.obj
c:\creation\gamedevelopment\github\windows-edif-cf25\extensions\opencapture\debugunicode\ext.res
c:\creation\gamedevelopment\github\windows-edif-cf25\extensions\opencapture\debugunicode\template.exp
c:\creation\gamedevelopment\github\windows-edif-cf25\extensions\opencapture\debugunicode\template.pdb
c:\creation\gamedevelopment\github\windows-edif-cf25\extensions\opencapture\debugunicode\opencapture.tlog\cl.command.1.tlog
c:\creation\gamedevelopment\github\windows-edif-cf25\extensions\opencapture\debugunicode\opencapture.tlog\cl.read.1.tlog
c:\creation\gamedevelopment\github\windows-edif-cf25\extensions\opencapture\debugunicode\opencapture.tlog\cl.write.1.tlog
c:\creation\gamedevelopment\github\windows-edif-cf25\extensions\opencapture\debugunicode\opencapture.tlog\link-cvtres.read.1.tlog
c:\creation\gamedevelopment\github\windows-edif-cf25\extensions\opencapture\debugunicode\opencapture.tlog\link-cvtres.write.1.tlog
c:\creation\gamedevelopment\github\windows-edif-cf25\extensions\opencapture\debugunicode\opencapture.tlog\link.command.1.tlog
c:\creation\gamedevelopment\github\windows-edif-cf25\extensions\opencapture\debugunicode\opencapture.tlog\link.read.1.tlog
c:\creation\gamedevelopment\github\windows-edif-cf25\extensions\opencapture\debugunicode\opencapture.tlog\link.write.1.tlog
c:\creation\gamedevelopment\github\windows-edif-cf25\extensions\opencapture\debugunicode\opencapture.tlog\rc.command.1.tlog
c:\creation\gamedevelopment\github\windows-edif-cf25\extensions\opencapture\debugunicode\opencapture.tlog\rc.read.1.tlog
c:\creation\gamedevelopment\github\windows-edif-cf25\extensions\opencapture\debugunicode\opencapture.tlog\rc.write.1.tlog
